<?xml version="1.0" encoding="UTF-8" ?>
<testsuite tests="4" failures="0" name="com.course.app.StudentTest" time="0.026" errors="0" skipped="0">
  <properties>
[...]
</properties>
  <testcase classname="com.course.app.StudentTest" name="getStudentDateOfBirth" time="0.004"/>
  <testcase classname="com.course.app.StudentTest" name="getStudentAge" time="0"/>
  <testcase classname="com.course.app.StudentTest" name="getStudentName" time="0"/>
  <testcase classname="com.course.app.StudentTest" name="getStudentUsername" time="0.022"/>
</testsuite>